<?xml version="1.0" encoding="UTF-8"?>
<!-- Generated by org.testng.reporters.JUnitXMLReporter -->
<testsuite ignored="0" hostname="Ajays-MacBook-Air.local" failures="0" tests="3" name="Default test" time="0.092" errors="0" timestamp="2021-09-27T11:36:58 IST">
  <testcase classname="TestNG.DependencyTC" name="login" time="0.015"/>
  <testcase classname="TestNG.DependencyTC" name="receiveFriendRequest" time="0.002"/>
  <testcase classname="TestNG.DependencyTC" name="sendFriendRequest" time="0.003"/>
</testsuite> <!-- Default test -->
