<?xml version="1.0" encoding="UTF-8"?>
<!-- Generated by org.testng.reporters.JUnitXMLReporter -->
<testsuite ignored="0" hostname="Ajays-MacBook-Air.local" failures="0" tests="4" name="Default test" time="0.086" errors="0" timestamp="2021-09-27T15:30:07 IST">
  <testcase classname="TestNG.DataProviderDemo" name="login" time="0.01"/>
  <testcase classname="TestNG.DataProviderDemo" name="login" time="0.005"/>
  <testcase classname="TestNG.DataProviderDemo" name="login" time="0.003"/>
  <testcase classname="TestNG.DataProviderDemo" name="login" time="0.003"/>
</testsuite> <!-- Default test -->
