<?xml version="1.0" encoding="UTF-8"?>
<testng-results ignored="0" total="4" passed="4" failed="0" skipped="0">
  <reporter-output>
  </reporter-output>
  <suite started-at="2021-09-27T15:30:01 IST" name="Default suite" finished-at="2021-09-27T15:30:02 IST" duration-ms="86">
    <groups>
    </groups>
    <test started-at="2021-09-27T15:30:01 IST" name="Default test" finished-at="2021-09-27T15:30:02 IST" duration-ms="86">
      <class name="TestNG.DataProviderDemo">
        <test-method signature="login(java.lang.Object,java.lang.Object)[pri:0, instance:TestNG.DataProviderDemo@233fe9b6]" started-at="2021-09-27T15:30:02 IST" name="login" data-provider="getData" finished-at="2021-09-27T15:30:02 IST" duration-ms="10" status="PASS">
          <params>
            <param index="0">
              <value>
                <![CDATA[user1]]>
              </value>
            </param>
            <param index="1">
              <value>
                <![CDATA[pass1]]>
              </value>
            </param>
          </params>
          <reporter-output>
          </reporter-output>
        </test-method> <!-- login -->
        <test-method signature="login(java.lang.Object,java.lang.Object)[pri:0, instance:TestNG.DataProviderDemo@233fe9b6]" started-at="2021-09-27T15:30:02 IST" name="login" data-provider="getData" finished-at="2021-09-27T15:30:02 IST" duration-ms="5" status="PASS">
          <params>
            <param index="0">
              <value>
                <![CDATA[user2]]>
              </value>
            </param>
            <param index="1">
              <value>
                <![CDATA[pass2]]>
              </value>
            </param>
          </params>
          <reporter-output>
          </reporter-output>
        </test-method> <!-- login -->
        <test-method signature="login(java.lang.Object,java.lang.Object)[pri:0, instance:TestNG.DataProviderDemo@233fe9b6]" started-at="2021-09-27T15:30:02 IST" name="login" data-provider="getData" finished-at="2021-09-27T15:30:02 IST" duration-ms="3" status="PASS">
          <params>
            <param index="0">
              <value>
                <![CDATA[user3]]>
              </value>
            </param>
            <param index="1">
              <value>
                <![CDATA[pass3]]>
              </value>
            </param>
          </params>
          <reporter-output>
          </reporter-output>
        </test-method> <!-- login -->
        <test-method signature="login(java.lang.Object,java.lang.Object)[pri:0, instance:TestNG.DataProviderDemo@233fe9b6]" started-at="2021-09-27T15:30:02 IST" name="login" data-provider="getData" finished-at="2021-09-27T15:30:02 IST" duration-ms="3" status="PASS">
          <params>
            <param index="0">
              <value>
                <![CDATA[user4]]>
              </value>
            </param>
            <param index="1">
              <value>
                <![CDATA[pass4]]>
              </value>
            </param>
          </params>
          <reporter-output>
          </reporter-output>
        </test-method> <!-- login -->
      </class> <!-- TestNG.DataProviderDemo -->
    </test> <!-- Default test -->
  </suite> <!-- Default suite -->
</testng-results>
