<?xml version="1.0" encoding="UTF-8"?>
<testng-results ignored="3" total="7" passed="4" failed="0" skipped="0">
  <reporter-output>
  </reporter-output>
  <suite started-at="2021-09-27T14:49:08 IST" name="CapgeminiAutomation" finished-at="2021-09-27T14:49:08 IST" duration-ms="90">
    <groups>
      <group name="web">
        <method signature="LoginPage.web1()[pri:0, instance:TestNG.LoginPage@38c5cc4c]" name="web1" class="TestNG.LoginPage"/>
        <method signature="LoginPage.web2()[pri:0, instance:TestNG.LoginPage@38c5cc4c]" name="web2" class="TestNG.LoginPage"/>
        <method signature="LoginPage.web3()[pri:0, instance:TestNG.LoginPage@38c5cc4c]" name="web3" class="TestNG.LoginPage"/>
      </group> <!-- web -->
    </groups>
    <test started-at="2021-09-27T14:49:08 IST" name="Web Automation" finished-at="2021-09-27T14:49:08 IST" duration-ms="90">
      <class name="TestNG.LoginPage">
        <test-method signature="web1()[pri:0, instance:TestNG.LoginPage@38c5cc4c]" started-at="2021-09-27T14:49:08 IST" name="web1" finished-at="2021-09-27T14:49:08 IST" duration-ms="9" status="PASS">
          <reporter-output>
          </reporter-output>
        </test-method> <!-- web1 -->
        <test-method signature="web2()[pri:0, instance:TestNG.LoginPage@38c5cc4c]" started-at="2021-09-27T14:49:08 IST" name="web2" finished-at="2021-09-27T14:49:08 IST" duration-ms="1" status="PASS">
          <reporter-output>
          </reporter-output>
        </test-method> <!-- web2 -->
        <test-method signature="web3()[pri:0, instance:TestNG.LoginPage@38c5cc4c]" started-at="2021-09-27T14:49:08 IST" name="web3" finished-at="2021-09-27T14:49:08 IST" duration-ms="2" status="PASS">
          <reporter-output>
          </reporter-output>
        </test-method> <!-- web3 -->
        <test-method signature="web4()[pri:0, instance:TestNG.LoginPage@38c5cc4c]" started-at="2021-09-27T14:49:08 IST" name="web4" finished-at="2021-09-27T14:49:08 IST" duration-ms="1" status="PASS">
          <reporter-output>
          </reporter-output>
        </test-method> <!-- web4 -->
      </class> <!-- TestNG.LoginPage -->
    </test> <!-- Web Automation -->
  </suite> <!-- CapgeminiAutomation -->
</testng-results>
